<?xml version="1.0" encoding="UTF-8"?>
<!-- Generated by org.testng.reporters.JUnitXMLReporter -->
<testsuite ignored="0" hostname="DESKTOP-QA1AMVG" failures="0" tests="4" name="Test" time="0.176" errors="0" timestamp="2023-01-24T02:51:26 PST">
  <testcase classname="scripts.TC1" name="demo" time="0.017"/>
  <testcase classname="scripts.TC2" name="demo" time="0.001"/>
  <testcase classname="scripts.TC3" name="demo" time="0.002"/>
  <testcase classname="scripts.TC4" name="demo" time="0.005"/>
</testsuite> <!-- Test -->
